============================================================

{"id": "2XT0218B14005448", "osversion": "9", "resolution": "(2340, 1080)", "brand": "HONOR", "model": "TNY-AL00", "name": "TNY-AL00", "platform": "ANDROID"}

============================================================

click([569, 267])
click([569, 267])
click([569, 267])
click([569, 267])
click([569, 267])
click([231, 156])
click([231, 156])
click([231, 156])
click([231, 156])
click([156, 144])
click([156, 144])
click([156, 144])
click([156, 144])
click([283, 155])
click([283, 155])
click([283, 155])
click([283, 155])
click([156, 144])
click([156, 144])
click([156, 144])
click([156, 144])
click([333, 157])
click([333, 157])
click([333, 157])
click([333, 157])
click([156, 144])
click([156, 144])
click([156, 144])
click([156, 144])
click([302, 101])
click([302, 101])
click([302, 101])
click([302, 101])
click([303, 101])
click([303, 101])
click([303, 101])
click([303, 101])
click([231, 154])
click([231, 154])
click([231, 154])
click([231, 154])
click([156, 144])
click([156, 144])
click([156, 144])
click([156, 144])
click([280, 156])
click([280, 156])
click([280, 156])
click([280, 156])
click([156, 144])
click([156, 144])
click([156, 144])
click([156, 144])
click([333, 156])
click([333, 156])
click([333, 156])
click([333, 156])
click([156, 144])
click([156, 144])
click([156, 144])
click([156, 144])
click([363, 100])
click([363, 100])
click([363, 100])
click([363, 100])
click([231, 157])
click([231, 157])
click([231, 157])
click([231, 157])
click([156, 144])
click([156, 144])
click([156, 144])
click([156, 144])
click([282, 157])
click([282, 157])
click([282, 157])
click([282, 157])
click([156, 144])
click([156, 144])
click([156, 144])
click([156, 144])
click([334, 154])
click([334, 154])
click([334, 154])
click([334, 154])
click([156, 144])
click([156, 144])
click([156, 144])
click([156, 144])
click([425, 100])
click([425, 100])
click([425, 100])
click([425, 100])
click([232, 154])
click([232, 154])
click([232, 154])
click([232, 154])
click([156, 144])
click([156, 144])
click([156, 144])
click([156, 144])
click([283, 156])
click([283, 156])
click([283, 156])
click([283, 156])
click([156, 144])
click([156, 144])
click([156, 144])
click([156, 144])
click([332, 155])
click([332, 155])
click([332, 155])
click([332, 155])
click([156, 144])
click([156, 144])
click([156, 144])
click([156, 144])
click([156, 144])
click([581, 274])
click([581, 274])
click([581, 274])
click([581, 274])
click([581, 274])
click([346, 262])
click([346, 262])
click([346, 262])
click([346, 262])
click([467, 286])
click([467, 286])
click([467, 286])
click([467, 286])
click([467, 286])
click([450, 260])
click([450, 260])
click([450, 260])
